<?xml version="1.0" encoding="UTF-8"?>
<!-- Generated by org.testng.reporters.JUnitReportReporter -->
<testsuite hostname="aham" failures="0" tests="4" name="api.test.UserTests" time="8.037" errors="0" timestamp="2024-01-07T02:29:30 IST" skipped="0">
  <testcase classname="api.test.UserTests" name="testPostUser" time="2.915"/>
  <system-out/>
  <testcase classname="api.test.UserTests" name="testGetUserByName" time="1.278"/>
  <system-out/>
  <testcase classname="api.test.UserTests" name="testUpdateUserByName" time="2.586"/>
  <system-out/>
  <testcase classname="api.test.UserTests" name="testDeleteUserByName" time="1.258"/>
  <system-out/>
</testsuite> <!-- api.test.UserTests -->
